'solc --version' running
'solc StorageSlot.txt_1.sol --combined-json abi,ast,bin,bin-runtime,srcmap,srcmap-runtime,userdoc,devdoc,hashes --allow-paths .,D:\wanglingxiang\program_smart_contract\data_test\other_model\codegen25_7b_instruct_result_split' running
Compilation warnings/errors on StorageSlot.txt_1.sol:
Warning: SPDX license identifier not provided in source file. Before publishing, consider adding a comment containing "SPDX-License-Identifier: <SPDX-License>" to each source file. Use "SPDX-License-Identifier: UNLICENSED" for non-open-source code. Please see https://spdx.org for more information.

--> StorageSlot.txt_1.sol



Error: Functions are not allowed to have the same name as the contract. If you intend this to be a constructor, use "constructor(...) { ... }" to define it.

  --> StorageSlot.txt_1.sol:45:5:

   |

45 |     function ExampleContract() {

   |     ^ (Relevant source part starts here and spans across multiple lines).



Error: No visibility specified. Did you intend to add "public"?

  --> StorageSlot.txt_1.sol:45:5:

   |

45 |     function ExampleContract() {

   |     ^ (Relevant source part starts here and spans across multiple lines).



Warning: This declaration shadows an existing declaration.

  --> StorageSlot.txt_1.sol:45:5:

   |

45 |     function ExampleContract() {

   |     ^ (Relevant source part starts here and spans across multiple lines).

Note: The shadowed declaration is here:

  --> StorageSlot.txt_1.sol:27:1:

   |

27 | contract ExampleContract {

   | ^ (Relevant source part starts here and spans across multiple lines).



Error: Data location can only be specified for array, struct or mapping types, but "memory" was given.

  --> StorageSlot.txt_1.sol:10:9:

   |

10 |         bytes32 memory data = bytes32(slot);

   |         ^^^^^^^^^^^^^^^^^^^



Error: Data location must be "storage", "memory" or "calldata" for return parameter in function, but none was given.

  --> StorageSlot.txt_1.sol:15:63:

   |

15 |     function getStringSlot(uint256 slot) public view returns (string) {

   |                                                               ^^^^^^



Error: Data location must be "storage", "memory" or "calldata" for return parameter in function, but none was given.

  --> StorageSlot.txt_1.sol:18:62:

   |

18 |     function getBytesSlot(uint256 slot) public view returns (bytes) {

   |                                                              ^^^^^



Error: Data location must be "storage", "memory" or "calldata" for return parameter in function, but none was given.

  --> StorageSlot.txt_1.sol:22:62:

   |

22 |     function getBytesSlot(bytes32 slot) public view returns (bytes) {

   |                                                              ^^^^^



Error: Data location must be "memory" or "calldata" for parameter in function, but none was given.

  --> StorageSlot.txt_1.sol:66:28:

   |

66 |     function setStringSlot(string _string) public {

   |                            ^^^^^^^^^^^^^^



Error: Data location must be "memory" or "calldata" for parameter in function, but none was given.

  --> StorageSlot.txt_1.sol:69:27:

   |

69 |     function setBytesSlot(bytes _bytes) public {

   |                           ^^^^^^^^^^^^



Error: Data location must be "memory" or "calldata" for return parameter in function, but none was given.

  --> StorageSlot.txt_1.sol:87:51:

   |

87 |     function getStringSlot() public view returns (string) {

   |                                                   ^^^^^^



Error: Data location must be "memory" or "calldata" for return parameter in function, but none was given.

  --> StorageSlot.txt_1.sol:90:50:

   |

90 |     function getBytesSlot() public view returns (bytes) {

   |                                                  ^^^^^



Error: Data location must be "memory" or "calldata" for return parameter in function, but none was given.

  --> StorageSlot.txt_1.sol:93:55:

   |

93 |     function getBytesArraySlot() public view returns (bytes[]) {

   |                                                       ^^^^^^^




Traceback (most recent call last):
  File "D:\ProgramData\Anaconda3\lib\site-packages\crytic_compile\platform\solc.py", line 582, in _run_solc
    ret: Dict = json.loads(stdout)
  File "D:\ProgramData\Anaconda3\lib\json\__init__.py", line 346, in loads
    return _default_decoder.decode(s)
  File "D:\ProgramData\Anaconda3\lib\json\decoder.py", line 337, in decode
    obj, end = self.raw_decode(s, idx=_w(s, 0).end())
  File "D:\ProgramData\Anaconda3\lib\json\decoder.py", line 355, in raw_decode
    raise JSONDecodeError("Expecting value", s, err.value) from None
json.decoder.JSONDecodeError: Expecting value: line 1 column 1 (char 0)

During handling of the above exception, another exception occurred:

Traceback (most recent call last):
  File "D:\ProgramData\Anaconda3\lib\runpy.py", line 197, in _run_module_as_main
    return _run_code(code, main_globals, None,
  File "D:\ProgramData\Anaconda3\lib\runpy.py", line 87, in _run_code
    exec(code, run_globals)
  File "D:\ProgramData\Anaconda3\Scripts\slither.exe\__main__.py", line 7, in <module>
  File "D:\ProgramData\Anaconda3\lib\site-packages\slither\__main__.py", line 727, in main
    main_impl(all_detector_classes=detectors, all_printer_classes=printers)
  File "D:\ProgramData\Anaconda3\lib\site-packages\slither\__main__.py", line 833, in main_impl
    ) = process_all(filename, args, detector_classes, printer_classes)
  File "D:\ProgramData\Anaconda3\lib\site-packages\slither\__main__.py", line 96, in process_all
    compilations = compile_all(target, **vars(args))
  File "D:\ProgramData\Anaconda3\lib\site-packages\crytic_compile\crytic_compile.py", line 718, in compile_all
    compilations.append(CryticCompile(target, **kwargs))
  File "D:\ProgramData\Anaconda3\lib\site-packages\crytic_compile\crytic_compile.py", line 207, in __init__
    self._compile(**kwargs)
  File "D:\ProgramData\Anaconda3\lib\site-packages\crytic_compile\crytic_compile.py", line 629, in _compile
    self._platform.compile(self, **kwargs)
  File "D:\ProgramData\Anaconda3\lib\site-packages\crytic_compile\platform\solc.py", line 151, in compile
    targets_json = _get_targets_json(compilation_unit, self._target, **kwargs)
  File "D:\ProgramData\Anaconda3\lib\site-packages\crytic_compile\platform\solc.py", line 280, in _get_targets_json
    return _run_solc(
  File "D:\ProgramData\Anaconda3\lib\site-packages\crytic_compile\platform\solc.py", line 586, in _run_solc
    raise InvalidCompilation(f"Invalid solc compilation {stderr}")
crytic_compile.platform.exceptions.InvalidCompilation: Invalid solc compilation Warning: SPDX license identifier not provided in source file. Before publishing, consider adding a comment containing "SPDX-License-Identifier: <SPDX-License>" to each source file. Use "SPDX-License-Identifier: UNLICENSED" for non-open-source code. Please see https://spdx.org for more information.

--> StorageSlot.txt_1.sol



Error: Functions are not allowed to have the same name as the contract. If you intend this to be a constructor, use "constructor(...) { ... }" to define it.

  --> StorageSlot.txt_1.sol:45:5:

   |

45 |     function ExampleContract() {

   |     ^ (Relevant source part starts here and spans across multiple lines).



Error: No visibility specified. Did you intend to add "public"?

  --> StorageSlot.txt_1.sol:45:5:

   |

45 |     function ExampleContract() {

   |     ^ (Relevant source part starts here and spans across multiple lines).



Warning: This declaration shadows an existing declaration.

  --> StorageSlot.txt_1.sol:45:5:

   |

45 |     function ExampleContract() {

   |     ^ (Relevant source part starts here and spans across multiple lines).

Note: The shadowed declaration is here:

  --> StorageSlot.txt_1.sol:27:1:

   |

27 | contract ExampleContract {

   | ^ (Relevant source part starts here and spans across multiple lines).



Error: Data location can only be specified for array, struct or mapping types, but "memory" was given.

  --> StorageSlot.txt_1.sol:10:9:

   |

10 |         bytes32 memory data = bytes32(slot);

   |         ^^^^^^^^^^^^^^^^^^^



Error: Data location must be "storage", "memory" or "calldata" for return parameter in function, but none was given.

  --> StorageSlot.txt_1.sol:15:63:

   |

15 |     function getStringSlot(uint256 slot) public view returns (string) {

   |                                                               ^^^^^^



Error: Data location must be "storage", "memory" or "calldata" for return parameter in function, but none was given.

  --> StorageSlot.txt_1.sol:18:62:

   |

18 |     function getBytesSlot(uint256 slot) public view returns (bytes) {

   |                                                              ^^^^^



Error: Data location must be "storage", "memory" or "calldata" for return parameter in function, but none was given.

  --> StorageSlot.txt_1.sol:22:62:

   |

22 |     function getBytesSlot(bytes32 slot) public view returns (bytes) {

   |                                                              ^^^^^



Error: Data location must be "memory" or "calldata" for parameter in function, but none was given.

  --> StorageSlot.txt_1.sol:66:28:

   |

66 |     function setStringSlot(string _string) public {

   |                            ^^^^^^^^^^^^^^



Error: Data location must be "memory" or "calldata" for parameter in function, but none was given.

  --> StorageSlot.txt_1.sol:69:27:

   |

69 |     function setBytesSlot(bytes _bytes) public {

   |                           ^^^^^^^^^^^^



Error: Data location must be "memory" or "calldata" for return parameter in function, but none was given.

  --> StorageSlot.txt_1.sol:87:51:

   |

87 |     function getStringSlot() public view returns (string) {

   |                                                   ^^^^^^



Error: Data location must be "memory" or "calldata" for return parameter in function, but none was given.

  --> StorageSlot.txt_1.sol:90:50:

   |

90 |     function getBytesSlot() public view returns (bytes) {

   |                                                  ^^^^^



Error: Data location must be "memory" or "calldata" for return parameter in function, but none was given.

  --> StorageSlot.txt_1.sol:93:55:

   |

93 |     function getBytesArraySlot() public view returns (bytes[]) {

   |                                                       ^^^^^^^




