'solc --version' running
'solc StorageSlot.txt_1.sol --combined-json abi,ast,bin,bin-runtime,srcmap,srcmap-runtime,userdoc,devdoc,hashes --allow-paths .,D:\wanglingxiang\program_smart_contract\data_test\stage_all_step10_split' running
Compilation warnings/errors on StorageSlot.txt_1.sol:
Warning: SPDX license identifier not provided in source file. Before publishing, consider adding a comment containing "SPDX-License-Identifier: <SPDX-License>" to each source file. Use "SPDX-License-Identifier: UNLICENSED" for non-open-source code. Please see https://spdx.org for more information.

--> StorageSlot.txt_1.sol



Error: The first argument to "abi.decode" must be implicitly convertible to bytes memory or bytes calldata, but is of type bytes32.

  --> StorageSlot.txt_1.sol:22:27:

   |

22 |         return abi.decode(slot.slot, (address));

   |                           ^^^^^^^^^



Error: The first argument to "abi.decode" must be implicitly convertible to bytes memory or bytes calldata, but is of type bytes32.

  --> StorageSlot.txt_1.sol:25:27:

   |

25 |         return abi.decode(slot.slot, (bool));

   |                           ^^^^^^^^^



Error: The first argument to "abi.decode" must be implicitly convertible to bytes memory or bytes calldata, but is of type bytes32.

  --> StorageSlot.txt_1.sol:28:27:

   |

28 |         return abi.decode(slot.slot, (bytes32));

   |                           ^^^^^^^^^



Error: The first argument to "abi.decode" must be implicitly convertible to bytes memory or bytes calldata, but is of type bytes32.

  --> StorageSlot.txt_1.sol:31:27:

   |

31 |         return abi.decode(slot.slot, (uint256));

   |                           ^^^^^^^^^



Error: The first argument to "abi.decode" must be implicitly convertible to bytes memory or bytes calldata, but is of type bytes32.

  --> StorageSlot.txt_1.sol:34:27:

   |

34 |         return abi.decode(slot.slot, (string));

   |                           ^^^^^^^^^



Error: The first argument to "abi.decode" must be implicitly convertible to bytes memory or bytes calldata, but is of type bytes32.

  --> StorageSlot.txt_1.sol:37:27:

   |

37 |         return abi.decode(slot.slot, (bytes));

   |                           ^^^^^^^^^



Error: Explicit type conversion not allowed from "bytes memory" to "uint256".

  --> StorageSlot.txt_1.sol:40:29:

   |

40 |         slot.slot = bytes32(uint256(abi.encode(value)));

   |                             ^^^^^^^^^^^^^^^^^^^^^^^^^^



Error: Explicit type conversion not allowed from "bytes memory" to "uint256".

  --> StorageSlot.txt_1.sol:43:29:

   |

43 |         slot.slot = bytes32(uint256(abi.encode(value)));

   |                             ^^^^^^^^^^^^^^^^^^^^^^^^^^



Error: Explicit type conversion not allowed from "bytes memory" to "uint256".

  --> StorageSlot.txt_1.sol:46:29:

   |

46 |         slot.slot = bytes32(uint256(abi.encode(value)));

   |                             ^^^^^^^^^^^^^^^^^^^^^^^^^^



Error: Explicit type conversion not allowed from "bytes memory" to "uint256".

  --> StorageSlot.txt_1.sol:52:29:

   |

52 |         slot.slot = bytes32(uint256(abi.encode(value)));

   |                             ^^^^^^^^^^^^^^^^^^^^^^^^^^



Error: Explicit type conversion not allowed from "bytes memory" to "uint256".

  --> StorageSlot.txt_1.sol:55:29:

   |

55 |         slot.slot = bytes32(uint256(abi.encode(value)));

   |                             ^^^^^^^^^^^^^^^^^^^^^^^^^^




Traceback (most recent call last):
  File "D:\ProgramData\Anaconda3\lib\site-packages\crytic_compile\platform\solc.py", line 582, in _run_solc
    ret: Dict = json.loads(stdout)
  File "D:\ProgramData\Anaconda3\lib\json\__init__.py", line 346, in loads
    return _default_decoder.decode(s)
  File "D:\ProgramData\Anaconda3\lib\json\decoder.py", line 337, in decode
    obj, end = self.raw_decode(s, idx=_w(s, 0).end())
  File "D:\ProgramData\Anaconda3\lib\json\decoder.py", line 355, in raw_decode
    raise JSONDecodeError("Expecting value", s, err.value) from None
json.decoder.JSONDecodeError: Expecting value: line 1 column 1 (char 0)

During handling of the above exception, another exception occurred:

Traceback (most recent call last):
  File "D:\ProgramData\Anaconda3\lib\runpy.py", line 197, in _run_module_as_main
    return _run_code(code, main_globals, None,
  File "D:\ProgramData\Anaconda3\lib\runpy.py", line 87, in _run_code
    exec(code, run_globals)
  File "D:\ProgramData\Anaconda3\Scripts\slither.exe\__main__.py", line 7, in <module>
  File "D:\ProgramData\Anaconda3\lib\site-packages\slither\__main__.py", line 727, in main
    main_impl(all_detector_classes=detectors, all_printer_classes=printers)
  File "D:\ProgramData\Anaconda3\lib\site-packages\slither\__main__.py", line 833, in main_impl
    ) = process_all(filename, args, detector_classes, printer_classes)
  File "D:\ProgramData\Anaconda3\lib\site-packages\slither\__main__.py", line 96, in process_all
    compilations = compile_all(target, **vars(args))
  File "D:\ProgramData\Anaconda3\lib\site-packages\crytic_compile\crytic_compile.py", line 718, in compile_all
    compilations.append(CryticCompile(target, **kwargs))
  File "D:\ProgramData\Anaconda3\lib\site-packages\crytic_compile\crytic_compile.py", line 207, in __init__
    self._compile(**kwargs)
  File "D:\ProgramData\Anaconda3\lib\site-packages\crytic_compile\crytic_compile.py", line 629, in _compile
    self._platform.compile(self, **kwargs)
  File "D:\ProgramData\Anaconda3\lib\site-packages\crytic_compile\platform\solc.py", line 151, in compile
    targets_json = _get_targets_json(compilation_unit, self._target, **kwargs)
  File "D:\ProgramData\Anaconda3\lib\site-packages\crytic_compile\platform\solc.py", line 280, in _get_targets_json
    return _run_solc(
  File "D:\ProgramData\Anaconda3\lib\site-packages\crytic_compile\platform\solc.py", line 586, in _run_solc
    raise InvalidCompilation(f"Invalid solc compilation {stderr}")
crytic_compile.platform.exceptions.InvalidCompilation: Invalid solc compilation Warning: SPDX license identifier not provided in source file. Before publishing, consider adding a comment containing "SPDX-License-Identifier: <SPDX-License>" to each source file. Use "SPDX-License-Identifier: UNLICENSED" for non-open-source code. Please see https://spdx.org for more information.

--> StorageSlot.txt_1.sol



Error: The first argument to "abi.decode" must be implicitly convertible to bytes memory or bytes calldata, but is of type bytes32.

  --> StorageSlot.txt_1.sol:22:27:

   |

22 |         return abi.decode(slot.slot, (address));

   |                           ^^^^^^^^^



Error: The first argument to "abi.decode" must be implicitly convertible to bytes memory or bytes calldata, but is of type bytes32.

  --> StorageSlot.txt_1.sol:25:27:

   |

25 |         return abi.decode(slot.slot, (bool));

   |                           ^^^^^^^^^



Error: The first argument to "abi.decode" must be implicitly convertible to bytes memory or bytes calldata, but is of type bytes32.

  --> StorageSlot.txt_1.sol:28:27:

   |

28 |         return abi.decode(slot.slot, (bytes32));

   |                           ^^^^^^^^^



Error: The first argument to "abi.decode" must be implicitly convertible to bytes memory or bytes calldata, but is of type bytes32.

  --> StorageSlot.txt_1.sol:31:27:

   |

31 |         return abi.decode(slot.slot, (uint256));

   |                           ^^^^^^^^^



Error: The first argument to "abi.decode" must be implicitly convertible to bytes memory or bytes calldata, but is of type bytes32.

  --> StorageSlot.txt_1.sol:34:27:

   |

34 |         return abi.decode(slot.slot, (string));

   |                           ^^^^^^^^^



Error: The first argument to "abi.decode" must be implicitly convertible to bytes memory or bytes calldata, but is of type bytes32.

  --> StorageSlot.txt_1.sol:37:27:

   |

37 |         return abi.decode(slot.slot, (bytes));

   |                           ^^^^^^^^^



Error: Explicit type conversion not allowed from "bytes memory" to "uint256".

  --> StorageSlot.txt_1.sol:40:29:

   |

40 |         slot.slot = bytes32(uint256(abi.encode(value)));

   |                             ^^^^^^^^^^^^^^^^^^^^^^^^^^



Error: Explicit type conversion not allowed from "bytes memory" to "uint256".

  --> StorageSlot.txt_1.sol:43:29:

   |

43 |         slot.slot = bytes32(uint256(abi.encode(value)));

   |                             ^^^^^^^^^^^^^^^^^^^^^^^^^^



Error: Explicit type conversion not allowed from "bytes memory" to "uint256".

  --> StorageSlot.txt_1.sol:46:29:

   |

46 |         slot.slot = bytes32(uint256(abi.encode(value)));

   |                             ^^^^^^^^^^^^^^^^^^^^^^^^^^



Error: Explicit type conversion not allowed from "bytes memory" to "uint256".

  --> StorageSlot.txt_1.sol:52:29:

   |

52 |         slot.slot = bytes32(uint256(abi.encode(value)));

   |                             ^^^^^^^^^^^^^^^^^^^^^^^^^^



Error: Explicit type conversion not allowed from "bytes memory" to "uint256".

  --> StorageSlot.txt_1.sol:55:29:

   |

55 |         slot.slot = bytes32(uint256(abi.encode(value)));

   |                             ^^^^^^^^^^^^^^^^^^^^^^^^^^




