'solc --version' running
'solc IAccessControl.txt_0.sol --combined-json abi,ast,bin,bin-runtime,srcmap,srcmap-runtime,userdoc,devdoc,hashes --allow-paths .,D:\wanglingxiang\program_smart_contract\data_test\stage1_1_data_split' running
Compilation warnings/errors on IAccessControl.txt_0.sol:
Warning: SPDX license identifier not provided in source file. Before publishing, consider adding a comment containing "SPDX-License-Identifier: <SPDX-License>" to each source file. Use "SPDX-License-Identifier: UNLICENSED" for non-open-source code. Please see https://spdx.org for more information.

--> IAccessControl.txt_0.sol



Error: Type string memory is not implicitly convertible to expected type address.

  --> IAccessControl.txt_0.sol:17:28:

   |

17 |         return _adminRoles[role];

   |                            ^^^^



Error: Return argument type uint256 is not implicitly convertible to expected type (type of first return variable) address.

  --> IAccessControl.txt_0.sol:17:16:

   |

17 |         return _adminRoles[role];

   |                ^^^^^^^^^^^^^^^^^



Error: Invalid type for argument in function call. Invalid implicit conversion from string memory to address requested.

  --> IAccessControl.txt_0.sol:30:31:

   |

30 |         emit RoleAdminChanged(role, newAdminRole);

   |                               ^^^^



Error: Invalid type for argument in function call. Invalid implicit conversion from string memory to address requested.

  --> IAccessControl.txt_0.sol:38:26:

   |

38 |         emit RoleGranted(role, account);

   |                          ^^^^



Error: Invalid type for argument in function call. Invalid implicit conversion from string memory to address requested.

  --> IAccessControl.txt_0.sol:45:26:

   |

45 |         emit RoleRevoked(role, account);

   |                          ^^^^




Traceback (most recent call last):
  File "D:\ProgramData\Anaconda3\lib\site-packages\crytic_compile\platform\solc.py", line 582, in _run_solc
    ret: Dict = json.loads(stdout)
  File "D:\ProgramData\Anaconda3\lib\json\__init__.py", line 346, in loads
    return _default_decoder.decode(s)
  File "D:\ProgramData\Anaconda3\lib\json\decoder.py", line 337, in decode
    obj, end = self.raw_decode(s, idx=_w(s, 0).end())
  File "D:\ProgramData\Anaconda3\lib\json\decoder.py", line 355, in raw_decode
    raise JSONDecodeError("Expecting value", s, err.value) from None
json.decoder.JSONDecodeError: Expecting value: line 1 column 1 (char 0)

During handling of the above exception, another exception occurred:

Traceback (most recent call last):
  File "D:\ProgramData\Anaconda3\lib\runpy.py", line 197, in _run_module_as_main
    return _run_code(code, main_globals, None,
  File "D:\ProgramData\Anaconda3\lib\runpy.py", line 87, in _run_code
    exec(code, run_globals)
  File "D:\ProgramData\Anaconda3\Scripts\slither.exe\__main__.py", line 7, in <module>
  File "D:\ProgramData\Anaconda3\lib\site-packages\slither\__main__.py", line 727, in main
    main_impl(all_detector_classes=detectors, all_printer_classes=printers)
  File "D:\ProgramData\Anaconda3\lib\site-packages\slither\__main__.py", line 833, in main_impl
    ) = process_all(filename, args, detector_classes, printer_classes)
  File "D:\ProgramData\Anaconda3\lib\site-packages\slither\__main__.py", line 96, in process_all
    compilations = compile_all(target, **vars(args))
  File "D:\ProgramData\Anaconda3\lib\site-packages\crytic_compile\crytic_compile.py", line 718, in compile_all
    compilations.append(CryticCompile(target, **kwargs))
  File "D:\ProgramData\Anaconda3\lib\site-packages\crytic_compile\crytic_compile.py", line 207, in __init__
    self._compile(**kwargs)
  File "D:\ProgramData\Anaconda3\lib\site-packages\crytic_compile\crytic_compile.py", line 629, in _compile
    self._platform.compile(self, **kwargs)
  File "D:\ProgramData\Anaconda3\lib\site-packages\crytic_compile\platform\solc.py", line 151, in compile
    targets_json = _get_targets_json(compilation_unit, self._target, **kwargs)
  File "D:\ProgramData\Anaconda3\lib\site-packages\crytic_compile\platform\solc.py", line 280, in _get_targets_json
    return _run_solc(
  File "D:\ProgramData\Anaconda3\lib\site-packages\crytic_compile\platform\solc.py", line 586, in _run_solc
    raise InvalidCompilation(f"Invalid solc compilation {stderr}")
crytic_compile.platform.exceptions.InvalidCompilation: Invalid solc compilation Warning: SPDX license identifier not provided in source file. Before publishing, consider adding a comment containing "SPDX-License-Identifier: <SPDX-License>" to each source file. Use "SPDX-License-Identifier: UNLICENSED" for non-open-source code. Please see https://spdx.org for more information.

--> IAccessControl.txt_0.sol



Error: Type string memory is not implicitly convertible to expected type address.

  --> IAccessControl.txt_0.sol:17:28:

   |

17 |         return _adminRoles[role];

   |                            ^^^^



Error: Return argument type uint256 is not implicitly convertible to expected type (type of first return variable) address.

  --> IAccessControl.txt_0.sol:17:16:

   |

17 |         return _adminRoles[role];

   |                ^^^^^^^^^^^^^^^^^



Error: Invalid type for argument in function call. Invalid implicit conversion from string memory to address requested.

  --> IAccessControl.txt_0.sol:30:31:

   |

30 |         emit RoleAdminChanged(role, newAdminRole);

   |                               ^^^^



Error: Invalid type for argument in function call. Invalid implicit conversion from string memory to address requested.

  --> IAccessControl.txt_0.sol:38:26:

   |

38 |         emit RoleGranted(role, account);

   |                          ^^^^



Error: Invalid type for argument in function call. Invalid implicit conversion from string memory to address requested.

  --> IAccessControl.txt_0.sol:45:26:

   |

45 |         emit RoleRevoked(role, account);

   |                          ^^^^




